#
# A fatal error has been detected by the Java Runtime Environment:
#
#  SIGFPE (0x8) at pc=0x000000011065e8c8, pid=9703, tid=0x0000000000001703
#
# JRE version: Java(TM) SE Runtime Environment (8.0_281-b09) (build 1.8.0_281-b09)
# Java VM: Java HotSpot(TM) 64-Bit Server VM (25.281-b09 mixed mode bsd-amd64 compressed oops)
# Problematic frame:
# j  com.learning.letsgetlogical.Main.main([Ljava/lang/String;)V+0
#
# Failed to write core dump. Core dumps have been disabled. To enable core dumping, try "ulimit -c unlimited" before starting Java again
#
# If you would like to submit a bug report, please visit:
#   http://bugreport.java.com/bugreport/crash.jsp
#

---------------  T H R E A D  ---------------

Current thread (0x00007fe224009000):  JavaThread "main" [_thread_in_Java, id=5891, stack(0x00000003089aa000,0x0000000308aaa000)]

siginfo: si_signo: 8 (SIGFPE), si_code: 5 (FPE_FLTINV), si_addr: 0x000000011065e8c8

Registers:
RAX=0x0000000000000096, RBX=0x000000000000006c, RCX=0x0000000000000000, RDX=0x0000000000000000
RSP=0x0000000308aa99d0, RBP=0x0000000308aa9a18, RSI=0x0000000000000004, RDI=0x00007fe224009000
R8 =0x00007fe22242c5d0, R9 =0x0000000000000001, R10=0x000000010ef30c70, R11=0x000000010ef1e51b
R12=0x0000000000000000, R13=0x0000000129403a91, R14=0x0000000308aa9a38, R15=0x00007fe224009000
RIP=0x000000011065e8c8, EFLAGS=0x0000000000000a87, ERR=0x0000000000000000
  TRAPNO=0x0000000000000000

Top of Stack: (sp=0x0000000308aa99d0)
0x0000000308aa99d0:   0000000000000000 0000000308aa99d8
0x0000000308aa99e0:   0000000129403a80 0000000308aa9a38
0x0000000308aa99f0:   0000000129403b58 0000000000000000
0x0000000308aa9a00:   0000000129403ad8 0000000000000000
0x0000000308aa9a10:   0000000308aa9a38 0000000308aa9aa0
0x0000000308aa9a20:   00000001106427a7 0000000000000000
0x0000000308aa9a30:   0000000000000096 000000076ac24bc0
0x0000000308aa9a40:   00007fe200001fa0 00007fe224009000
0x0000000308aa9a50:   00007fe224009000 0000000308aa9e70
0x0000000308aa9a60:   0000000129403ad8 0000000000000001
0x0000000308aa9a70:   0000000308aa9b18 0000000308aa9e78
0x0000000308aa9a80:   000000000000000a 0000000129403ad8
0x0000000308aa9a90:   0000000110655600 0000000308aa9cd0
0x0000000308aa9aa0:   0000000308aa9c10 000000010ead5599
0x0000000308aa9ab0:   0000000000000001 00007fe224009000
0x0000000308aa9ac0:   ffffffffffffffff 00007fe224009000
0x0000000308aa9ad0:   00007fe222704600 00007fe222704a40
0x0000000308aa9ae0:   00007fe222704a50 00007fe222704b28
0x0000000308aa9af0:   00000000000000d8 00007fe222704660
0x0000000308aa9b00:   0000000308aa9b40 0000000c784e00c6
0x0000000308aa9b10:   0000000308aa9b70 00007fe224009000
0x0000000308aa9b20:   00007fe2227057b0 0000000129403ad8
0x0000000308aa9b30:   0000000000000000 0000000000000000
0x0000000308aa9b40:   0000000000000000 0000000000000000
0x0000000308aa9b50:   0000000308aa9e70 0000000110655600
0x0000000308aa9b60:   000000011064271f 000000010ed06c14
0x0000000308aa9b70:   0000000308aa9bc0 0000000129403ad8
0x0000000308aa9b80:   00007fe224009000 0000000129403ad8
0x0000000308aa9b90:   00007fe224009000 0000000129403ad8
0x0000000308aa9ba0:   00007fe224009000 0000000129403ad8
0x0000000308aa9bb0:   0000000308aa9bd0 0000000a784e00c6
0x0000000308aa9bc0:   0000000308aa9c28 000000010eb16ae2 

Instructions: (pc=0x000000011065e8c8)
0x000000011065e8a8:   c8 8b 04 24 48 83 c4 08 81 f8 00 00 00 80 0f 85
0x000000011065e8b8:   0b 00 00 00 33 d2 83 f9 ff 0f 84 03 00 00 00 99
0x000000011065e8c8:   f7 f9 41 0f b6 5d 01 49 ff c5 49 ba 70 0c f3 0e
0x000000011065e8d8:   01 00 00 00 41 ff 24 da 80 00 00 00 00 00 00 00 

Register to memory mapping:

RAX=0x0000000000000096 is an unknown value
RBX=0x000000000000006c is an unknown value
RCX=0x0000000000000000 is an unknown value
RDX=0x0000000000000000 is an unknown value
RSP=0x0000000308aa99d0 is pointing into the stack for thread: 0x00007fe224009000
RBP=0x0000000308aa9a18 is pointing into the stack for thread: 0x00007fe224009000
RSI=0x0000000000000004 is an unknown value
RDI=0x00007fe224009000 is a thread
R8 =0x00007fe22242c5d0 is an unknown value
R9 =0x0000000000000001 is an unknown value
R10=0x000000010ef30c70: _ZN19TemplateInterpreter13_active_tableE+0x2000 in /Library/Java/JavaVirtualMachines/jdk1.8.0_281.jdk/Contents/Home/jre/lib/server/libjvm.dylib at 0x000000010e800000
R11=0x000000010ef1e51b: AssumeMP+0 in /Library/Java/JavaVirtualMachines/jdk1.8.0_281.jdk/Contents/Home/jre/lib/server/libjvm.dylib at 0x000000010e800000
R12=0x0000000000000000 is an unknown value
R13=0x0000000129403a91 is pointing into metadata
R14=0x0000000308aa9a38 is pointing into the stack for thread: 0x00007fe224009000
R15=0x00007fe224009000 is a thread


Stack: [0x00000003089aa000,0x0000000308aaa000],  sp=0x0000000308aa99d0,  free space=1022k
Native frames: (J=compiled Java code, j=interpreted, Vv=VM code, C=native code)
j  com.learning.letsgetlogical.Main.main([Ljava/lang/String;)V+0
v  ~StubRoutines::call_stub
V  [libjvm.dylib+0x2d5599]
V  [libjvm.dylib+0x30662f]
V  [libjvm.dylib+0x309cdf]
C  [java+0x316c]  JavaMain+0x9dc
C  [libsystem_pthread.dylib+0x6950]  _pthread_start+0xe0
C  [libsystem_pthread.dylib+0x247b]  thread_start+0xf
C  0x0000000000000000


---------------  P R O C E S S  ---------------

Java Threads: ( => current thread )
  0x00007fe22285f800 JavaThread "Service Thread" daemon [_thread_blocked, id=40719, stack(0x0000000309cf1000,0x0000000309df1000)]
  0x00007fe203008800 JavaThread "C1 CompilerThread3" daemon [_thread_blocked, id=41475, stack(0x0000000309bee000,0x0000000309cee000)]
  0x00007fe224031800 JavaThread "C2 CompilerThread2" daemon [_thread_blocked, id=41731, stack(0x0000000309aeb000,0x0000000309beb000)]
  0x00007fe22480e000 JavaThread "C2 CompilerThread1" daemon [_thread_blocked, id=42243, stack(0x00000003099e8000,0x0000000309ae8000)]
  0x00007fe224031000 JavaThread "C2 CompilerThread0" daemon [_thread_blocked, id=43011, stack(0x00000003098e5000,0x00000003099e5000)]
  0x00007fe22402f000 JavaThread "Monitor Ctrl-Break" daemon [_thread_in_vm, id=22599, stack(0x00000003097e2000,0x00000003098e2000)]
  0x00007fe223018800 JavaThread "Signal Dispatcher" daemon [_thread_blocked, id=22019, stack(0x00000003096df000,0x00000003097df000)]
  0x00007fe22285e000 JavaThread "Finalizer" daemon [_thread_blocked, id=17923, stack(0x00000003094cb000,0x00000003095cb000)]
  0x00007fe22380b000 JavaThread "Reference Handler" daemon [_thread_blocked, id=18723, stack(0x00000003093c8000,0x00000003094c8000)]
=>0x00007fe224009000 JavaThread "main" [_thread_in_Java, id=5891, stack(0x00000003089aa000,0x0000000308aaa000)]

Other Threads:
  0x00007fe222859800 VMThread [stack: 0x00000003092c5000,0x00000003093c5000] [id=13059]
  0x00007fe22481e800 WatcherThread [stack: 0x0000000309df4000,0x0000000309ef4000] [id=39715]

VM state:not at safepoint (normal execution)

VM Mutex/Monitor currently owned by a thread: None

heap address: 0x00000006c0000000, size: 4096 MB, Compressed Oops mode: Zero based, Oop shift amount: 3
Narrow klass base: 0x0000000000000000, Narrow klass shift: 3
Compressed class space size: 1073741824 Address: 0x00000007c0000000

Heap:
 PSYoungGen      total 76288K, used 2621K [0x000000076ab00000, 0x0000000770000000, 0x00000007c0000000)
  eden space 65536K, 4% used [0x000000076ab00000,0x000000076ad8f5e8,0x000000076eb00000)
  from space 10752K, 0% used [0x000000076f580000,0x000000076f580000,0x0000000770000000)
  to   space 10752K, 0% used [0x000000076eb00000,0x000000076eb00000,0x000000076f580000)
 ParOldGen       total 175104K, used 0K [0x00000006c0000000, 0x00000006cab00000, 0x000000076ab00000)
  object space 175104K, 0% used [0x00000006c0000000,0x00000006c0000000,0x00000006cab00000)
 Metaspace       used 3175K, capacity 4496K, committed 4864K, reserved 1056768K
  class space    used 352K, capacity 388K, committed 512K, reserved 1048576K

Card table byte_map: [0x000000011fa0a000,0x000000012020b000] byte_map_base: 0x000000011c40a000

Marking Bits: (ParMarkBitMap*) 0x000000010ef28488
 Begin Bits: [0x00000001207b1000, 0x00000001247b1000)
 End Bits:   [0x00000001247b1000, 0x00000001287b1000)

Polling page: 0x000000010a7a7000

CodeCache: size=245760Kb used=1119Kb max_used=1119Kb free=244640Kb
 bounds [0x0000000110642000, 0x00000001108b2000, 0x000000011f642000]
 total_blobs=277 nmethods=28 adapters=164
 compilation: enabled

Compilation events (10 events):
Event: 0.107 Thread 0x00007fe203008800   21       3       java.util.HashMap::hash (20 bytes)
Event: 0.107 Thread 0x00007fe203008800 nmethod 21 0x00000001107558d0 code [0x0000000110755a40, 0x0000000110755c88]
Event: 0.109 Thread 0x00007fe203008800   22       3       java.lang.String::startsWith (7 bytes)
Event: 0.110 Thread 0x00007fe203008800 nmethod 22 0x0000000110756590 code [0x0000000110756700, 0x0000000110756908]
Event: 0.110 Thread 0x00007fe203008800   23       3       java.lang.String::startsWith (72 bytes)
Event: 0.110 Thread 0x00007fe203008800 nmethod 23 0x0000000110757110 code [0x0000000110757280, 0x00000001107575b0]
Event: 0.111 Thread 0x00007fe203008800   24       3       java.util.HashMap::getNode (148 bytes)
Event: 0.112 Thread 0x00007fe203008800 nmethod 24 0x0000000110757790 code [0x0000000110757960, 0x0000000110758308]
Event: 0.112 Thread 0x00007fe203008800   25       1       java.lang.Object::<init> (1 bytes)
Event: 0.112 Thread 0x00007fe203008800 nmethod 25 0x00000001107585d0 code [0x0000000110758720, 0x0000000110758830]

GC Heap History (0 events):
No events

Deoptimization events (0 events):
No events

Classes redefined (0 events):
No events

Internal exceptions (2 events):
Event: 0.031 Thread 0x00007fe224009000 Exception <a 'java/lang/NoSuchMethodError': Method sun.misc.Unsafe.defineClass(Ljava/lang/String;[BII)Ljava/lang/Class; name or signature does not match> (0x000000076ab07cc0) thrown at [/jenkins/workspace/8-2-build-macosx-x86_64/jdk8u281/880/hotspot/src/s
Event: 0.031 Thread 0x00007fe224009000 Exception <a 'java/lang/NoSuchMethodError': Method sun.misc.Unsafe.prefetchRead(Ljava/lang/Object;J)V name or signature does not match> (0x000000076ab07fa8) thrown at [/jenkins/workspace/8-2-build-macosx-x86_64/jdk8u281/880/hotspot/src/share/vm/prims/jni.

Events (10 events):
Event: 0.113 loading class java/net/URI
Event: 0.113 loading class java/net/URI done
Event: 0.113 loading class sun/launcher/LauncherHelper$FXHelper
Event: 0.113 loading class sun/launcher/LauncherHelper$FXHelper done
Event: 0.113 loading class java/lang/Class$MethodArray
Event: 0.113 loading class java/lang/Class$MethodArray done
Event: 0.114 loading class java/lang/Void
Event: 0.114 loading class java/lang/Void done
Event: 0.114 loading class java/net/URI$Parser
Event: 0.114 loading class java/net/URI$Parser done


Dynamic libraries:
0x00007ffdffe4a000 	/Library/Apple/usr/libexec/oah/runtime
0x00007fff352bb000 	/System/Library/Frameworks/Cocoa.framework/Versions/A/Cocoa
0x00007fff22160000 	/System/Library/Frameworks/Security.framework/Versions/A/Security
0x00007fff334b8000 	/System/Library/Frameworks/ApplicationServices.framework/Versions/A/ApplicationServices
0x00007fff2a609000 	/usr/lib/libz.1.dylib
0x00007fff2a6d5000 	/usr/lib/libSystem.B.dylib
0x00007fff203f1000 	/System/Library/Frameworks/CoreFoundation.framework/Versions/A/CoreFoundation
0x00007fff210d3000 	/System/Library/Frameworks/Foundation.framework/Versions/C/Foundation
0x00007fff20210000 	/usr/lib/libobjc.A.dylib
0x00007fff22b87000 	/System/Library/Frameworks/AppKit.framework/Versions/C/AppKit
0x00007fff25a45000 	/System/Library/Frameworks/CoreData.framework/Versions/A/CoreData
0x00007fff238ea000 	/System/Library/PrivateFrameworks/UIFoundation.framework/Versions/A/UIFoundation
0x00007fff2fe97000 	/System/Library/PrivateFrameworks/RemoteViewServices.framework/Versions/A/RemoteViewServices
0x00007fff28c21000 	/System/Library/PrivateFrameworks/XCTTargetBootstrap.framework/Versions/A/XCTTargetBootstrap
0x00007fff2b973000 	/usr/lib/libspindump.dylib
0x00007fff23b3f000 	/System/Library/Frameworks/UniformTypeIdentifiers.framework/Versions/A/UniformTypeIdentifiers
0x00007fff273f7000 	/usr/lib/libapp_launch_measurement.dylib
0x00007fff273fa000 	/System/Library/PrivateFrameworks/CoreAutoLayout.framework/Versions/A/CoreAutoLayout
0x00007fff28583000 	/System/Library/Frameworks/Metal.framework/Versions/A/Metal
0x00007fff2927a000 	/usr/lib/liblangid.dylib
0x00007fff28c25000 	/System/Library/PrivateFrameworks/CoreSVG.framework/Versions/A/CoreSVG
0x00007fff24b26000 	/System/Library/PrivateFrameworks/SkyLight.framework/Versions/A/SkyLight
0x00007fff24e8d000 	/System/Library/Frameworks/CoreGraphics.framework/Versions/A/CoreGraphics
0x00007fff304ee000 	/System/Library/Frameworks/Accelerate.framework/Versions/A/Accelerate
0x00007fff2b3ae000 	/System/Library/PrivateFrameworks/IconServices.framework/Versions/A/IconServices
0x00007fff28568000 	/System/Library/Frameworks/IOSurface.framework/Versions/A/IOSurface
0x00007fff263d7000 	/usr/lib/libDiagnosticMessagesClient.dylib
0x00007fff28c0d000 	/System/Library/PrivateFrameworks/DFRFoundation.framework/Versions/A/DFRFoundation
0x00007fff224b2000 	/usr/lib/libicucore.A.dylib
0x00007fff2ceb8000 	/System/Library/Frameworks/AudioToolbox.framework/Versions/A/AudioToolbox
0x00007fff2c15d000 	/System/Library/PrivateFrameworks/DataDetectorsCore.framework/Versions/A/DataDetectorsCore
0x00007fff2890d000 	/System/Library/Frameworks/Carbon.framework/Versions/A/Frameworks/HIToolbox.framework/Versions/A/HIToolbox
0x00007fff26e52000 	/System/Library/Frameworks/QuartzCore.framework/Versions/A/QuartzCore
0x00007fff2fed3000 	/System/Library/Frameworks/Carbon.framework/Versions/A/Frameworks/SpeechRecognition.framework/Versions/A/SpeechRecognition
0x00007fff2715f000 	/System/Library/PrivateFrameworks/CoreUI.framework/Versions/A/CoreUI
0x00007fff21abb000 	/System/Library/Frameworks/CoreAudio.framework/Versions/A/CoreAudio
0x00007fff264c2000 	/System/Library/Frameworks/DiskArbitration.framework/Versions/A/DiskArbitration
0x00007fff2bd6d000 	/System/Library/PrivateFrameworks/MultitouchSupport.framework/Versions/A/MultitouchSupport
0x00007fff2c154000 	/System/Library/PrivateFrameworks/InternationalSupport.framework/Versions/A/InternationalSupport
0x00007fff24a9a000 	/usr/lib/libenergytrace.dylib
0x00007fff22a80000 	/System/Library/Frameworks/IOKit.framework/Versions/A/IOKit
0x00007fff30220000 	/System/Library/Frameworks/CoreServices.framework/Versions/A/CoreServices
0x00007fff2738d000 	/System/Library/PrivateFrameworks/PerformanceAnalysis.framework/Versions/A/PerformanceAnalysis
0x00007fff6cb95000 	/System/Library/Frameworks/OpenGL.framework/Versions/A/OpenGL
0x00007fff2c1d9000 	/System/Library/PrivateFrameworks/UserActivity.framework/Versions/A/UserActivity
0x00007fff25547000 	/System/Library/Frameworks/ColorSync.framework/Versions/A/ColorSync
0x00007fff28e91000 	/System/Library/Frameworks/CoreImage.framework/Versions/A/CoreImage
0x00007fff218d2000 	/System/Library/Frameworks/CoreText.framework/Versions/A/CoreText
0x00007fff28c4f000 	/System/Library/Frameworks/ImageIO.framework/Versions/A/ImageIO
0x00007fff2a6db000 	/System/Library/PrivateFrameworks/SoftLinking.framework/Versions/A/SoftLinking
0x00007fff27443000 	/usr/lib/libxml2.2.dylib
0x00007fff202d6000 	/usr/lib/libc++.1.dylib
0x00007fff2a94d000 	/usr/lib/libcompression.dylib
0x00007fff24a9b000 	/usr/lib/libMobileGestalt.dylib
0x00007fff2c087000 	/System/Library/PrivateFrameworks/TextureIO.framework/Versions/A/TextureIO
0x00007fff2b03b000 	/usr/lib/libate.dylib
0x00007fff2a6cf000 	/usr/lib/system/libcache.dylib
0x00007fff2a68b000 	/usr/lib/system/libcommonCrypto.dylib
0x00007fff2a6b5000 	/usr/lib/system/libcompiler_rt.dylib
0x00007fff2a6aa000 	/usr/lib/system/libcopyfile.dylib
0x00007fff200fe000 	/usr/lib/system/libcorecrypto.dylib
0x00007fff201cb000 	/usr/lib/system/libdispatch.dylib
0x00007fff20380000 	/usr/lib/system/libdyld.dylib
0x00007fff2a6c6000 	/usr/lib/system/libkeymgr.dylib
0x00007fff2dc6a000 	/usr/lib/system/liblaunch.dylib
0x00007fff2a669000 	/usr/lib/system/libmacho.dylib
0x00007fff29e7e000 	/usr/lib/system/libquarantine.dylib
0x00007fff2a6c3000 	/usr/lib/system/libremovefile.dylib
0x00007fff24af7000 	/usr/lib/system/libsystem_asl.dylib
0x00007fff200ae000 	/usr/lib/system/libsystem_blocks.dylib
0x00007fff2024d000 	/usr/lib/system/libsystem_c.dylib
0x00007fff2a6bd000 	/usr/lib/system/libsystem_collections.dylib
0x00007fff2926b000 	/usr/lib/system/libsystem_configuration.dylib
0x00007fff28557000 	/usr/lib/system/libsystem_containermanager.dylib
0x00007fff2a401000 	/usr/lib/system/libsystem_coreservices.dylib
0x00007fff22714000 	/usr/lib/system/libsystem_darwin.dylib
0x00007fff2a6c7000 	/usr/lib/system/libsystem_dnssd.dylib
0x00007fff2024a000 	/usr/lib/system/libsystem_featureflags.dylib
0x00007fff203c5000 	/usr/lib/system/libsystem_info.dylib
0x00007fff2a61c000 	/usr/lib/system/libsystem_m.dylib
0x00007fff2019e000 	/usr/lib/system/libsystem_malloc.dylib
0x00007fff24a8b000 	/usr/lib/system/libsystem_networkextension.dylib
0x00007fff22b2f000 	/usr/lib/system/libsystem_notify.dylib
0x00007fff3011e000 	/usr/lib/system/libsystem_product_info_filter.dylib
0x00007fff2926f000 	/usr/lib/system/libsystem_sandbox.dylib
0x00007fff2a6c0000 	/usr/lib/system/libsystem_secinit.dylib
0x00007fff20345000 	/usr/lib/system/libsystem_kernel.dylib
0x00007fff203bb000 	/usr/lib/system/libsystem_platform.dylib
0x00007fff20374000 	/usr/lib/system/libsystem_pthread.dylib
0x00007fff26225000 	/usr/lib/system/libsystem_symptoms.dylib
0x00007fff200e6000 	/usr/lib/system/libsystem_trace.dylib
0x00007fff2a697000 	/usr/lib/system/libunwind.dylib
0x00007fff200b0000 	/usr/lib/system/libxpc.dylib
0x00007fff2032c000 	/usr/lib/libc++abi.dylib
0x00007fff2a6a2000 	/usr/lib/liboah.dylib
0x00007fff2ad66000 	/usr/lib/liblzma.5.dylib
0x00007fff20de7000 	/System/Library/Frameworks/SystemConfiguration.framework/Versions/A/SystemConfiguration
0x00007fff2a6d7000 	/usr/lib/libfakelink.dylib
0x00007fff245ed000 	/System/Library/Frameworks/CFNetwork.framework/Versions/A/CFNetwork
0x00007fff2a817000 	/usr/lib/libarchive.2.dylib
0x00007fff20e65000 	/usr/lib/libCRFSuite.dylib
0x00007fff29ea5000 	/usr/lib/libbsm.0.dylib
0x00007fff23fa9000 	/usr/lib/libnetwork.dylib
0x00007fff2a6dc000 	/usr/lib/libpcap.A.dylib
0x00007fff2621e000 	/usr/lib/libdns_services.dylib
0x00007fff2ad7f000 	/usr/lib/libcoretls_cfhelpers.dylib
0x00007fff2a91b000 	/usr/lib/libapple_nghttp2.dylib
0x00007fff2a66f000 	/usr/lib/system/libkxld.dylib
0x00007fff25e8c000 	/usr/lib/libsqlite3.dylib
0x00007fff2a3e3000 	/System/Library/PrivateFrameworks/AppleFSCompression.framework/Versions/A/AppleFSCompression
0x00007fff29e8d000 	/usr/lib/libcoretls.dylib
0x00007fff2a948000 	/usr/lib/libpam.2.dylib
0x00007fff2ae7c000 	/usr/lib/libxar.1.dylib
0x00007fff29276000 	/System/Library/PrivateFrameworks/AppleSystemInfo.framework/Versions/A/AppleSystemInfo
0x00007fff29ad0000 	/System/Library/PrivateFrameworks/IOMobileFramebuffer.framework/Versions/A/IOMobileFramebuffer
0x00007fff2a3f3000 	/usr/lib/libbz2.1.0.dylib
0x00007fff2a714000 	/usr/lib/libiconv.2.dylib
0x00007fff2a668000 	/usr/lib/libcharset.1.dylib
0x00007fff273c9000 	/System/Library/Frameworks/CoreServices.framework/Versions/A/Frameworks/FSEvents.framework/Versions/A/FSEvents
0x00007fff2271e000 	/System/Library/Frameworks/CoreServices.framework/Versions/A/Frameworks/CarbonCore.framework/Versions/A/CarbonCore
0x00007fff26427000 	/System/Library/Frameworks/CoreServices.framework/Versions/A/Frameworks/Metadata.framework/Versions/A/Metadata
0x00007fff2a406000 	/System/Library/Frameworks/CoreServices.framework/Versions/A/Frameworks/OSServices.framework/Versions/A/OSServices
0x00007fff2a889000 	/System/Library/Frameworks/CoreServices.framework/Versions/A/Frameworks/SearchKit.framework/Versions/A/SearchKit
0x00007fff261a8000 	/System/Library/Frameworks/CoreServices.framework/Versions/A/Frameworks/AE.framework/Versions/A/AE
0x00007fff2088d000 	/System/Library/Frameworks/CoreServices.framework/Versions/A/Frameworks/LaunchServices.framework/Versions/A/LaunchServices
0x00007fff2ad17000 	/System/Library/Frameworks/CoreServices.framework/Versions/A/Frameworks/DictionaryServices.framework/Versions/A/DictionaryServices
0x00007fff273d2000 	/System/Library/Frameworks/CoreServices.framework/Versions/A/Frameworks/SharedFileList.framework/Versions/A/SharedFileList
0x00007fff29e81000 	/usr/lib/libCheckFix.dylib
0x00007fff24b0e000 	/System/Library/PrivateFrameworks/TCC.framework/Versions/A/TCC
0x00007fff2927c000 	/System/Library/PrivateFrameworks/CoreNLP.framework/Versions/A/CoreNLP
0x00007fff263da000 	/System/Library/PrivateFrameworks/MetadataUtilities.framework/Versions/A/MetadataUtilities
0x00007fff20e9b000 	/usr/lib/libmecabra.dylib
0x00007fff2a195000 	/System/Library/Frameworks/MLCompute.framework/Versions/A/MLCompute
0x00007fff29eb6000 	/usr/lib/libmecab.dylib
0x00007fff29f00000 	/usr/lib/libgermantok.dylib
0x00007fff2a8f1000 	/usr/lib/libThaiTokenizer.dylib
0x00007fff2aeb7000 	/usr/lib/libChineseTokenizer.dylib
0x00007fff2a946000 	/System/Library/Frameworks/MetalPerformanceShaders.framework/Versions/A/MetalPerformanceShaders
0x00007fff264c9000 	/System/Library/Frameworks/Accelerate.framework/Versions/A/Frameworks/vImage.framework/Versions/A/vImage
0x00007fff301f9000 	/System/Library/Frameworks/Accelerate.framework/Versions/A/Frameworks/vecLib.framework/Versions/A/vecLib
0x00007fff2aec2000 	/System/Library/Frameworks/Accelerate.framework/Versions/A/Frameworks/vecLib.framework/Versions/A/libvMisc.dylib
0x00007fff2992c000 	/System/Library/Frameworks/Accelerate.framework/Versions/A/Frameworks/vecLib.framework/Versions/A/libvDSP.dylib
0x00007fff20b91000 	/System/Library/Frameworks/Accelerate.framework/Versions/A/Frameworks/vecLib.framework/Versions/A/libBLAS.dylib
0x00007fff2a96c000 	/System/Library/Frameworks/Accelerate.framework/Versions/A/Frameworks/vecLib.framework/Versions/A/libLAPACK.dylib
0x00007fff29f06000 	/System/Library/Frameworks/Accelerate.framework/Versions/A/Frameworks/vecLib.framework/Versions/A/libLinearAlgebra.dylib
0x00007fff2a933000 	/System/Library/Frameworks/Accelerate.framework/Versions/A/Frameworks/vecLib.framework/Versions/A/libSparseBLAS.dylib
0x00007fff2a966000 	/System/Library/Frameworks/Accelerate.framework/Versions/A/Frameworks/vecLib.framework/Versions/A/libQuadrature.dylib
0x00007fff29324000 	/System/Library/Frameworks/Accelerate.framework/Versions/A/Frameworks/vecLib.framework/Versions/A/libBNNS.dylib
0x00007fff20d78000 	/System/Library/Frameworks/Accelerate.framework/Versions/A/Frameworks/vecLib.framework/Versions/A/libSparse.dylib
0x00007fff2920f000 	/System/Library/Frameworks/MetalPerformanceShaders.framework/Versions/A/Frameworks/MPSCore.framework/Versions/A/MPSCore
0x00007fff2a352000 	/System/Library/Frameworks/MetalPerformanceShaders.framework/Versions/A/Frameworks/MPSImage.framework/Versions/A/MPSImage
0x00007fff29f1d000 	/System/Library/Frameworks/MetalPerformanceShaders.framework/Versions/A/Frameworks/MPSNeuralNetwork.framework/Versions/A/MPSNeuralNetwork
0x00007fff2a2dd000 	/System/Library/Frameworks/MetalPerformanceShaders.framework/Versions/A/Frameworks/MPSMatrix.framework/Versions/A/MPSMatrix
0x00007fff2a145000 	/System/Library/Frameworks/MetalPerformanceShaders.framework/Versions/A/Frameworks/MPSRayIntersector.framework/Versions/A/MPSRayIntersector
0x00007fff2a314000 	/System/Library/Frameworks/MetalPerformanceShaders.framework/Versions/A/Frameworks/MPSNDArray.framework/Versions/A/MPSNDArray
0x00007fff20abd000 	/System/Library/PrivateFrameworks/MetalTools.framework/Versions/A/MetalTools
0x00007fff29274000 	/System/Library/PrivateFrameworks/AggregateDictionary.framework/Versions/A/AggregateDictionary
0x00007fff263b2000 	/System/Library/PrivateFrameworks/CoreAnalytics.framework/Versions/A/CoreAnalytics
0x00007fff2a8f3000 	/System/Library/PrivateFrameworks/AppleSauce.framework/Versions/A/AppleSauce
0x00007fff2857a000 	/System/Library/PrivateFrameworks/IOAccelerator.framework/Versions/A/IOAccelerator
0x00007fff6cb89000 	/System/Library/Frameworks/OpenGL.framework/Versions/A/Libraries/libCoreFSCache.dylib
0x00007fff21437000 	/System/Library/PrivateFrameworks/LanguageModeling.framework/Versions/A/LanguageModeling
0x00007fff29abd000 	/System/Library/PrivateFrameworks/CoreEmoji.framework/Versions/A/CoreEmoji
0x00007fff2931d000 	/System/Library/PrivateFrameworks/LinguisticData.framework/Versions/A/LinguisticData
0x00007fff20d2a000 	/System/Library/PrivateFrameworks/Lexicon.framework/Versions/A/Lexicon
0x00007fff2a805000 	/usr/lib/libcmph.dylib
0x00007fff273a9000 	/System/Library/Frameworks/OpenDirectory.framework/Versions/A/Frameworks/CFOpenDirectory.framework/Versions/A/CFOpenDirectory
0x00007fff27399000 	/System/Library/Frameworks/OpenDirectory.framework/Versions/A/OpenDirectory
0x00007fff2ad81000 	/System/Library/PrivateFrameworks/APFS.framework/Versions/A/APFS
0x00007fff29de2000 	/System/Library/Frameworks/SecurityFoundation.framework/Versions/A/SecurityFoundation
0x00007fff2ae8a000 	/usr/lib/libutil.dylib
0x00007fff22a45000 	/System/Library/PrivateFrameworks/CoreServicesStore.framework/Versions/A/CoreServicesStore
0x00007fff29e79000 	/System/Library/Frameworks/ServiceManagement.framework/Versions/A/ServiceManagement
0x00007fff2ae8e000 	/usr/lib/libxslt.1.dylib
0x00007fff29e6f000 	/System/Library/PrivateFrameworks/BackgroundTaskManagement.framework/Versions/A/BackgroundTaskManagement
0x00007fff2bfd2000 	/System/Library/Frameworks/ImageIO.framework/Versions/A/Resources/libRadiance.dylib
0x00007fff2bfdb000 	/System/Library/Frameworks/ImageIO.framework/Versions/A/Resources/libJPEG.dylib
0x00007fff2bf27000 	/System/Library/Frameworks/ImageIO.framework/Versions/A/Resources/libPng.dylib
0x00007fff2bf4e000 	/System/Library/Frameworks/ImageIO.framework/Versions/A/Resources/libTIFF.dylib
0x00007fff2c030000 	/System/Library/Frameworks/ImageIO.framework/Versions/A/Resources/libGIF.dylib
0x00007fff2bc8b000 	/System/Library/Frameworks/ImageIO.framework/Versions/A/Resources/libJP2.dylib
0x00007fff2b375000 	/usr/lib/libexpat.1.dylib
0x00007fff2bc40000 	/System/Library/PrivateFrameworks/AppleJPEG.framework/Versions/A/AppleJPEG
0x00007fff287b0000 	/System/Library/PrivateFrameworks/FontServices.framework/libFontParser.dylib
0x00007fff2615c000 	/System/Library/PrivateFrameworks/RunningBoardServices.framework/Versions/A/RunningBoardServices
0x00007fff2bd69000 	/System/Library/PrivateFrameworks/WatchdogClient.framework/Versions/A/WatchdogClient
0x00007fff21524000 	/System/Library/Frameworks/CoreDisplay.framework/Versions/A/CoreDisplay
0x00007fff286c6000 	/System/Library/Frameworks/CoreMedia.framework/Versions/A/CoreMedia
0x00007fff27526000 	/System/Library/Frameworks/CoreVideo.framework/Versions/A/CoreVideo
0x00007fff2bda1000 	/System/Library/Frameworks/VideoToolbox.framework/Versions/A/VideoToolbox
0x00007fff260da000 	/System/Library/PrivateFrameworks/BaseBoard.framework/Versions/A/BaseBoard
0x00007fff2b4ba000 	/System/Library/PrivateFrameworks/PersistentConnection.framework/Versions/A/PersistentConnection
0x00007fff25e75000 	/System/Library/PrivateFrameworks/ProtocolBuffer.framework/Versions/A/ProtocolBuffer
0x00007fff260c1000 	/System/Library/PrivateFrameworks/CommonUtilities.framework/Versions/A/CommonUtilities
0x00007fff2bbd5000 	/System/Library/PrivateFrameworks/Bom.framework/Versions/A/Bom
0x00007fff2bfcb000 	/System/Library/PrivateFrameworks/GPUWrangler.framework/Versions/A/GPUWrangler
0x00007fff2bfae000 	/System/Library/PrivateFrameworks/IOPresentment.framework/Versions/A/IOPresentment
0x00007fff2bfd5000 	/System/Library/PrivateFrameworks/DSExternalDisplay.framework/Versions/A/DSExternalDisplay
0x00007fff2c035000 	/System/Library/PrivateFrameworks/CMCaptureCore.framework/Versions/A/CMCaptureCore
0x00007fff2b95a000 	/System/Library/PrivateFrameworks/AppServerSupport.framework/Versions/A/AppServerSupport
0x00007fff2da09000 	/System/Library/PrivateFrameworks/perfdata.framework/Versions/A/perfdata
0x00007fff29dd1000 	/System/Library/PrivateFrameworks/AssertionServices.framework/Versions/A/AssertionServices
0x00007fff2165b000 	/System/Library/PrivateFrameworks/AudioToolboxCore.framework/Versions/A/AudioToolboxCore
0x00007fff286a9000 	/System/Library/PrivateFrameworks/caulk.framework/Versions/A/caulk
0x00007fff3d6b4000 	/System/Library/PrivateFrameworks/SystemPolicy.framework/Versions/A/SystemPolicy
0x00007fff2b16a000 	/usr/lib/libIOReport.dylib
0x00007fff2d22b000 	/usr/lib/libSMC.dylib
0x00007fff2bef4000 	/usr/lib/libAudioToolboxUtility.dylib
0x00007fff3e01e000 	/usr/lib/libmis.dylib
0x00007fff6cbe5000 	/System/Library/Frameworks/OpenGL.framework/Versions/A/Libraries/libGLU.dylib
0x00007fff6cba8000 	/System/Library/Frameworks/OpenGL.framework/Versions/A/Libraries/libGFXShared.dylib
0x00007fff6cdb7000 	/System/Library/Frameworks/OpenGL.framework/Versions/A/Libraries/libGL.dylib
0x00007fff6cbb1000 	/System/Library/Frameworks/OpenGL.framework/Versions/A/Libraries/libGLImage.dylib
0x00007fff6cba5000 	/System/Library/Frameworks/OpenGL.framework/Versions/A/Libraries/libCVMSPluginSupport.dylib
0x00007fff6cb90000 	/System/Library/Frameworks/OpenGL.framework/Versions/A/Libraries/libCoreVMClient.dylib
0x00007fff6e1f8000 	/System/Library/Frameworks/OpenCL.framework/Versions/A/OpenCL
0x00007fff2b4e4000 	/System/Library/PrivateFrameworks/GraphVisualizer.framework/Versions/A/GraphVisualizer
0x00007fff2b4f3000 	/System/Library/PrivateFrameworks/FaceCore.framework/Versions/A/FaceCore
0x00007fff2b90f000 	/System/Library/PrivateFrameworks/OTSVG.framework/Versions/A/OTSVG
0x00007fff2711d000 	/System/Library/Frameworks/ApplicationServices.framework/Versions/A/Frameworks/ATS.framework/Versions/A/Resources/libFontRegistry.dylib
0x00007fff2b961000 	/System/Library/PrivateFrameworks/FontServices.framework/libhvf.dylib
0x00007fff2b321000 	/System/Library/PrivateFrameworks/AppleVA.framework/Versions/A/AppleVA
0x00007fff2d074000 	/System/Library/Frameworks/ApplicationServices.framework/Versions/A/Frameworks/ATS.framework/Versions/A/ATS
0x00007fff2d386000 	/System/Library/Frameworks/ApplicationServices.framework/Versions/A/Frameworks/ColorSyncLegacy.framework/Versions/A/ColorSyncLegacy
0x00007fff2563e000 	/System/Library/Frameworks/ApplicationServices.framework/Versions/A/Frameworks/HIServices.framework/Versions/A/HIServices
0x00007fff2d36b000 	/System/Library/Frameworks/ApplicationServices.framework/Versions/A/Frameworks/LangAnalysis.framework/Versions/A/LangAnalysis
0x00007fff2c03f000 	/System/Library/Frameworks/ApplicationServices.framework/Versions/A/Frameworks/PrintCore.framework/Versions/A/PrintCore
0x00007fff2d38e000 	/System/Library/Frameworks/ApplicationServices.framework/Versions/A/Frameworks/QD.framework/Versions/A/QD
0x00007fff2d064000 	/System/Library/Frameworks/ApplicationServices.framework/Versions/A/Frameworks/SpeechSynthesis.framework/Versions/A/SpeechSynthesis
0x00007fff2c000000 	/System/Library/Frameworks/ApplicationServices.framework/Versions/A/Frameworks/ATSUI.framework/Versions/A/ATSUI
0x00007fff2d30b000 	/usr/lib/libcups.2.dylib
0x00007fff2d37b000 	/System/Library/PrivateFrameworks/NetAuth.framework/Versions/A/NetAuth
0x00007fff2da25000 	/System/Library/Frameworks/Kerberos.framework/Versions/A/Kerberos
0x00007fff2da35000 	/System/Library/Frameworks/GSS.framework/Versions/A/GSS
0x00007fff2d0e0000 	/usr/lib/libresolv.9.dylib
0x00007fff2b976000 	/System/Library/PrivateFrameworks/Heimdal.framework/Versions/A/Heimdal
0x00007fff337b9000 	/System/Library/Frameworks/Kerberos.framework/Versions/A/Libraries/libHeimdalProxy.dylib
0x00007fff2622d000 	/System/Library/Frameworks/Network.framework/Versions/A/Network
0x00007fff2b38f000 	/usr/lib/libheimdal-asn1.dylib
0x00007fff2da85000 	/System/Library/PrivateFrameworks/CommonAuth.framework/Versions/A/CommonAuth
0x00007fff27573000 	/System/Library/PrivateFrameworks/login.framework/Versions/A/Frameworks/loginsupport.framework/Versions/A/loginsupport
0x00007fff2cfe9000 	/System/Library/PrivateFrameworks/AudioSession.framework/Versions/A/AudioSession
0x00007fff2d051000 	/usr/lib/libAudioStatistics.dylib
0x00007fff2b41c000 	/System/Library/PrivateFrameworks/MediaExperience.framework/Versions/A/MediaExperience
0x00007fff2ce86000 	/System/Library/PrivateFrameworks/AudioSession.framework/libSessionUtility.dylib
0x00007fff2da16000 	/usr/lib/libperfcheck.dylib
0x00007fff2d39a000 	/System/Library/PrivateFrameworks/AudioResourceArbitration.framework/Versions/A/AudioResourceArbitration
0x00007fff2b399000 	/System/Library/PrivateFrameworks/IconFoundation.framework/Versions/A/IconFoundation
0x00007fff2fec3000 	/System/Library/PrivateFrameworks/SpeechRecognitionCore.framework/Versions/A/SpeechRecognitionCore
0x000000010e800000 	/Library/Java/JavaVirtualMachines/jdk1.8.0_281.jdk/Contents/Home/jre/lib/server/libjvm.dylib
0x000000010a709000 	/Library/Java/JavaVirtualMachines/jdk1.8.0_281.jdk/Contents/Home/jre/lib/libverify.dylib
0x000000010a72f000 	/Library/Java/JavaVirtualMachines/jdk1.8.0_281.jdk/Contents/Home/jre/lib/libjava.dylib
0x000000010a7a8000 	/Library/Java/JavaVirtualMachines/jdk1.8.0_281.jdk/Contents/Home/jre/lib/libinstrument.dylib
0x0000000110626000 	/Library/Java/JavaVirtualMachines/jdk1.8.0_281.jdk/Contents/Home/jre/lib/libzip.dylib
0x000000012b7e9000 	/Library/Java/JavaVirtualMachines/jdk1.8.0_281.jdk/Contents/Home/jre/lib/libnet.dylib

VM Arguments:
jvm_args: -javaagent:/Applications/IntelliJ IDEA CE.app/Contents/lib/idea_rt.jar=64664:/Applications/IntelliJ IDEA CE.app/Contents/bin -Dfile.encoding=UTF-8 
java_command: com.learning.letsgetlogical.Main
java_class_path (initial): /Library/Java/JavaVirtualMachines/jdk1.8.0_281.jdk/Contents/Home/jre/lib/charsets.jar:/Library/Java/JavaVirtualMachines/jdk1.8.0_281.jdk/Contents/Home/jre/lib/deploy.jar:/Library/Java/JavaVirtualMachines/jdk1.8.0_281.jdk/Contents/Home/jre/lib/ext/cldrdata.jar:/Library/Java/JavaVirtualMachines/jdk1.8.0_281.jdk/Contents/Home/jre/lib/ext/dnsns.jar:/Library/Java/JavaVirtualMachines/jdk1.8.0_281.jdk/Contents/Home/jre/lib/ext/jaccess.jar:/Library/Java/JavaVirtualMachines/jdk1.8.0_281.jdk/Contents/Home/jre/lib/ext/jfxrt.jar:/Library/Java/JavaVirtualMachines/jdk1.8.0_281.jdk/Contents/Home/jre/lib/ext/localedata.jar:/Library/Java/JavaVirtualMachines/jdk1.8.0_281.jdk/Contents/Home/jre/lib/ext/nashorn.jar:/Library/Java/JavaVirtualMachines/jdk1.8.0_281.jdk/Contents/Home/jre/lib/ext/sunec.jar:/Library/Java/JavaVirtualMachines/jdk1.8.0_281.jdk/Contents/Home/jre/lib/ext/sunjce_provider.jar:/Library/Java/JavaVirtualMachines/jdk1.8.0_281.jdk/Contents/Home/jre/lib/ext/sunpkcs11.jar:/Library/Java/JavaVirtualMachines/jdk1.8.0_281.jdk/Contents/Home/jre/lib/ext/zipfs.jar:/Library/Java/JavaVirtualMachines/jdk1.8.0_281.jdk/Contents/Home/jre/lib/javaws.jar:/Library/Java/JavaVirtualMachines/jdk1.8.0_281.jdk/Contents/Home/jre/lib/jce.jar:/Library/Java/JavaVirtualMachines/jdk1.8.0_281.jdk/Contents/Home/jre/lib/jfr.jar:/Library/Java/JavaVirtualMachines/jdk1.8.0_281.jdk/Contents/Home/jre/lib/jfxswt.jar:/Library/Java/JavaVirtualMachines/jdk1.8.0_281.jdk/Contents/Home/jre/lib/jsse.jar:/Library/Java/JavaVirtualMachines/jdk1.8.0_281.jdk/Contents/Home/jre/lib/management-agent.jar:/Library/Java/JavaVirtualMachines/jdk1.8.0_281.jdk/Contents/Home/jre/lib/plugin.jar:/Library/Java/JavaVirtualMachines/jdk1.8.0_281.jdk/Contents/Home/jre/lib/resources.jar:/Library/Java/JavaVirtualMachines/jdk1.8.0_281.jdk/Contents/Home/jre/lib/rt.jar:/Library/Java/JavaVirtualMachines/jdk1.8.0_281.jdk/Contents/Home/lib/ant-javafx.jar:/Library/Java/JavaVirtualMachines/jdk1.8.0_281.jdk/Contents/Home
Launcher Type: SUN_STANDARD

Environment Variables:
PATH=/usr/local/bin:/usr/bin:/bin:/usr/sbin:/sbin
SHELL=/bin/zsh

Signal Handlers:
SIGSEGV: [libjvm.dylib+0x5a1f9b], sa_mask[0]=11111111111111111111111111111111, sa_flags=SA_ONSTACK|SA_RESTART|SA_SIGINFO
SIGBUS: [libjvm.dylib+0x5a1f9b], sa_mask[0]=11111111111111111111111111111111, sa_flags=SA_RESTART|SA_SIGINFO
SIGFPE: [libjvm.dylib+0x492701], sa_mask[0]=11111111111111111111111111111111, sa_flags=SA_RESTART|SA_SIGINFO
SIGPIPE: [libjvm.dylib+0x492701], sa_mask[0]=11111111111111111111111111111111, sa_flags=SA_RESTART|SA_SIGINFO
SIGXFSZ: [libjvm.dylib+0x492701], sa_mask[0]=11111111111111111111111111111111, sa_flags=SA_RESTART|SA_SIGINFO
SIGILL: [libjvm.dylib+0x492701], sa_mask[0]=11111111111111111111111111111111, sa_flags=SA_RESTART|SA_SIGINFO
SIGUSR1: SIG_DFL, sa_mask[0]=00000000000000000000000000000000, sa_flags=none
SIGUSR2: [libjvm.dylib+0x492ffa], sa_mask[0]=00100000000000000000000000000000, sa_flags=SA_RESTART|SA_SIGINFO
SIGHUP: [libjvm.dylib+0x491209], sa_mask[0]=11111111111111111111111111111111, sa_flags=SA_RESTART|SA_SIGINFO
SIGINT: [libjvm.dylib+0x491209], sa_mask[0]=11111111111111111111111111111111, sa_flags=SA_RESTART|SA_SIGINFO
SIGTERM: [libjvm.dylib+0x491209], sa_mask[0]=11111111111111111111111111111111, sa_flags=SA_RESTART|SA_SIGINFO
SIGQUIT: [libjvm.dylib+0x491209], sa_mask[0]=11111111111111111111111111111111, sa_flags=SA_RESTART|SA_SIGINFO


---------------  S Y S T E M  ---------------

OS:Bsduname:Darwin 20.3.0 Darwin Kernel Version 20.3.0: Thu Jan 21 00:06:51 PST 2021; root:xnu-7195.81.3~1/RELEASE_ARM64_T8101 x86_64
rlimit: STACK 8176k, CORE 0k, NPROC 2666, NOFILE 10240, AS infinity
load average:3.40 2.36 2.18

CPU:total 8 (initial active 8) (1 cores per cpu, 1 threads per core) family 6 model 44 stepping 0, cmov, cx8, fxsr, mmx, sse, sse2, sse3, ssse3, sse4.1, sse4.2, popcnt, aes, clmul, tsc, tscinvbit, tscinv

Memory: 4k page, physical 16777216k(146604k free)

/proc/meminfo:


vm_info: Java HotSpot(TM) 64-Bit Server VM (25.281-b09) for bsd-amd64 JRE (1.8.0_281-b09), built on Dec  9 2020 12:44:49 by "java_re" with gcc 4.2.1 Compatible Apple LLVM 10.0.0 (clang-1000.11.45.5)

time: Tue Apr  6 00:41:18 2021
timezone: CDT
elapsed time: 0.124980 seconds (0d 0h 0m 0s)

